2023-02-23 11:48:29 0 [Note] InnoDB: Mutexes and rw_locks use Windows interlocked functions
2023-02-23 11:48:29 0 [Note] InnoDB: Uses event mutexes
2023-02-23 11:48:29 0 [Note] InnoDB: Compressed tables use zlib 1.2.12
2023-02-23 11:48:29 0 [Note] InnoDB: Number of pools: 1
2023-02-23 11:48:29 0 [Note] InnoDB: Using SSE2 crc32 instructions
2023-02-23 11:48:29 0 [Note] InnoDB: Initializing buffer pool, total size = 16M, instances = 1, chunk size = 16M
2023-02-23 11:48:29 0 [Note] InnoDB: Completed initialization of buffer pool
2023-02-23 11:48:29 0 [Note] InnoDB: Starting crash recovery from checkpoint LSN=300288
2023-02-23 11:48:29 0 [Note] InnoDB: 128 out of 128 rollback segments are active.
2023-02-23 11:48:29 0 [Note] InnoDB: Removed temporary tablespace data file: "ibtmp1"
2023-02-23 11:48:29 0 [Note] InnoDB: Creating shared tablespace for temporary tables
2023-02-23 11:48:29 0 [Note] InnoDB: Setting file 'C:\xampp\mysql\data\ibtmp1' size to 12 MB. Physically writing the file full; Please wait ...
2023-02-23 11:48:29 0 [Note] InnoDB: File 'C:\xampp\mysql\data\ibtmp1' size is now 12 MB.
2023-02-23 11:48:29 0 [Note] InnoDB: Waiting for purge to start
2023-02-23 11:48:30 0 [Note] InnoDB: 10.4.27 started; log sequence number 300297; transaction id 170
2023-02-23 11:48:30 0 [Note] InnoDB: Loading buffer pool(s) from C:\xampp\mysql\data\ib_buffer_pool
2023-02-23 11:48:30 0 [Note] Plugin 'FEEDBACK' is disabled.
2023-02-23 11:48:30 0 [Note] Server socket created on IP: '::'.
2023-02-23 11:53:16 0 [Note] InnoDB: Mutexes and rw_locks use Windows interlocked functions
2023-02-23 11:53:16 0 [Note] InnoDB: Uses event mutexes
2023-02-23 11:53:16 0 [Note] InnoDB: Compressed tables use zlib 1.2.12
2023-02-23 11:53:16 0 [Note] InnoDB: Number of pools: 1
2023-02-23 11:53:16 0 [Note] InnoDB: Using SSE2 crc32 instructions
2023-02-23 11:53:16 0 [Note] InnoDB: Initializing buffer pool, total size = 16M, instances = 1, chunk size = 16M
2023-02-23 11:53:16 0 [Note] InnoDB: Completed initialization of buffer pool
2023-02-23 11:53:16 0 [Note] InnoDB: Starting crash recovery from checkpoint LSN=300306
2023-02-23 11:53:16 0 [Note] InnoDB: 128 out of 128 rollback segments are active.
2023-02-23 11:53:16 0 [Note] InnoDB: Removed temporary tablespace data file: "ibtmp1"
2023-02-23 11:53:16 0 [Note] InnoDB: Creating shared tablespace for temporary tables
2023-02-23 11:53:16 0 [Note] InnoDB: Setting file 'C:\xampp\mysql\data\ibtmp1' size to 12 MB. Physically writing the file full; Please wait ...
2023-02-23 11:53:16 0 [Note] InnoDB: File 'C:\xampp\mysql\data\ibtmp1' size is now 12 MB.
2023-02-23 11:53:16 0 [Note] InnoDB: Waiting for purge to start
2023-02-23 11:53:16 0 [Note] InnoDB: 10.4.27 started; log sequence number 300315; transaction id 170
2023-02-23 11:53:16 0 [Note] InnoDB: Loading buffer pool(s) from C:\xampp\mysql\data\ib_buffer_pool
2023-02-23 11:53:16 0 [Note] Plugin 'FEEDBACK' is disabled.
2023-02-23 11:53:16 0 [Note] Server socket created on IP: '::'.
2023-02-27  9:47:01 0 [Note] InnoDB: Mutexes and rw_locks use Windows interlocked functions
2023-02-27  9:47:01 0 [Note] InnoDB: Uses event mutexes
2023-02-27  9:47:01 0 [Note] InnoDB: Compressed tables use zlib 1.2.12
2023-02-27  9:47:01 0 [Note] InnoDB: Number of pools: 1
2023-02-27  9:47:01 0 [Note] InnoDB: Using SSE2 crc32 instructions
2023-02-27  9:47:01 0 [Note] InnoDB: Initializing buffer pool, total size = 16M, instances = 1, chunk size = 16M
2023-02-27  9:47:01 0 [Note] InnoDB: Completed initialization of buffer pool
2023-02-27  9:47:01 0 [Note] InnoDB: Starting crash recovery from checkpoint LSN=300324
2023-02-27  9:47:02 0 [Note] InnoDB: 128 out of 128 rollback segments are active.
2023-02-27  9:47:02 0 [Note] InnoDB: Removed temporary tablespace data file: "ibtmp1"
2023-02-27  9:47:02 0 [Note] InnoDB: Creating shared tablespace for temporary tables
2023-02-27  9:47:02 0 [Note] InnoDB: Setting file 'C:\xampp\mysql\data\ibtmp1' size to 12 MB. Physically writing the file full; Please wait ...
2023-02-27  9:47:02 0 [Note] InnoDB: File 'C:\xampp\mysql\data\ibtmp1' size is now 12 MB.
2023-02-27  9:47:02 0 [Note] InnoDB: Waiting for purge to start
2023-02-27  9:47:03 0 [Note] InnoDB: 10.4.27 started; log sequence number 300333; transaction id 170
2023-02-27  9:47:03 0 [Note] InnoDB: Loading buffer pool(s) from C:\xampp\mysql\data\ib_buffer_pool
2023-02-27  9:47:03 0 [Note] Plugin 'FEEDBACK' is disabled.
2023-02-27  9:47:03 0 [Note] Server socket created on IP: '::'.
2023-02-27  9:47:10 0 [Note] InnoDB: Mutexes and rw_locks use Windows interlocked functions
2023-02-27  9:47:10 0 [Note] InnoDB: Uses event mutexes
2023-02-27  9:47:10 0 [Note] InnoDB: Compressed tables use zlib 1.2.12
2023-02-27  9:47:10 0 [Note] InnoDB: Number of pools: 1
2023-02-27  9:47:10 0 [Note] InnoDB: Using SSE2 crc32 instructions
2023-02-27  9:47:10 0 [Note] InnoDB: Initializing buffer pool, total size = 16M, instances = 1, chunk size = 16M
2023-02-27  9:47:10 0 [Note] InnoDB: Completed initialization of buffer pool
2023-02-27  9:47:10 0 [Note] InnoDB: Starting crash recovery from checkpoint LSN=300342
2023-02-27  9:47:10 0 [Note] InnoDB: 128 out of 128 rollback segments are active.
2023-02-27  9:47:10 0 [Note] InnoDB: Removed temporary tablespace data file: "ibtmp1"
2023-02-27  9:47:10 0 [Note] InnoDB: Creating shared tablespace for temporary tables
2023-02-27  9:47:10 0 [Note] InnoDB: Setting file 'C:\xampp\mysql\data\ibtmp1' size to 12 MB. Physically writing the file full; Please wait ...
2023-02-27  9:47:10 0 [Note] InnoDB: File 'C:\xampp\mysql\data\ibtmp1' size is now 12 MB.
2023-02-27  9:47:10 0 [Note] InnoDB: Waiting for purge to start
2023-02-27  9:47:10 0 [Note] InnoDB: 10.4.27 started; log sequence number 300351; transaction id 170
2023-02-27  9:47:10 0 [Note] InnoDB: Loading buffer pool(s) from C:\xampp\mysql\data\ib_buffer_pool
2023-02-27  9:47:10 0 [Note] Plugin 'FEEDBACK' is disabled.
2023-02-27  9:47:10 0 [Note] Server socket created on IP: '::'.
2023-02-27  9:47:10 0 [Note] InnoDB: Buffer pool(s) loa2023-03-07 12:16:29 0 [Note] InnoDB: Mutexes and rw_locks use Windows interlocked functions
2023-03-07 12:16:29 0 [Note] InnoDB: Uses event mutexes
2023-03-07 12:16:29 0 [Note] InnoDB: Compressed tables use zlib 1.2.12
2023-03-07 12:16:29 0 [Note] InnoDB: Number of pools: 1
2023-03-07 12:16:29 0 [Note] InnoDB: Using SSE2 crc32 instructions
2023-03-07 12:16:29 0 [Note] InnoDB: Initializing buffer pool, total size = 16M, instances = 1, chunk size = 16M
2023-03-07 12:16:29 0 [Note] InnoDB: Completed initialization of buffer pool
2023-03-07 12:16:29 0 [Note] InnoDB: Starting crash recovery from checkpoint LSN=300360
2023-03-07 12:16:29 0 [Note] InnoDB: 128 out of 128 rollback segments are active.
2023-03-07 12:16:29 0 [Note] InnoDB: Removed temporary tablespace data file: "ibtmp1"
2023-03-07 12:16:29 0 [Note] InnoDB: Creating shared tablespace for temporary tables
2023-03-07 12:16:29 0 [Note] InnoDB: Setting file 'C:\xampp\mysql\data\ibtmp1' size to 12 MB. Physically writing the file full; Please wait ...
2023-03-07 12:16:29 0 [Note] InnoDB: File 'C:\xampp\mysql\data\ibtmp1' size is now 12 MB.
2023-03-07 12:16:29 0 [Note] InnoDB: Waiting for purge to start
2023-03-07 12:16:29 0 [Note] InnoDB: 10.4.27 started; log sequence number 300369; transaction id 170
2023-03-07 12:16:29 0 [Note] InnoDB: Loading buffer pool(s) from C:\xampp\mysql\data\ib_buffer_pool
2023-03-07 12:16:29 0 [Note] Plugin 'FEEDBACK' is disabled.
2023-03-07 12:16:29 0 [Note] InnoDB: Buffer pool(s) load completed at 230307 12:16:29
2023-03-07 12:16:29 0 [Note] Server socket created on IP: '::'.
2023-03-07 12:16:34 0 [Note] InnoDB: Mutexes and rw_locks use Windows interlocked functions
2023-03-07 12:16:34 0 [Note] InnoDB: Uses event mutexes
2023-03-07 12:16:34 0 [Note] InnoDB: Compressed tables use zlib 1.2.12
2023-03-07 12:16:34 0 [Note] InnoDB: Number of pools: 1
2023-03-07 12:16:34 0 [Note] InnoDB: Using SSE2 crc32 instructions
2023-03-07 12:16:34 0 [Note] InnoDB: Initializing buffer pool, total size = 16M, instances = 1, chunk size = 16M
2023-03-07 12:16:34 0 [Note] InnoDB: Completed initialization of buffer pool
2023-03-07 12:16:34 0 [Note] InnoDB: Starting crash recovery from checkpoint LSN=300360
2023-03-07 12:16:34 0 [Note] InnoDB: 128 out of 128 rollback segments are active.
2023-03-07 12:16:34 0 [Note] InnoDB: Removed temporary tablespace data file: "ibtmp1"
2023-03-07 12:16:34 0 [Note] InnoDB: Creating shared tablespace for temporary tables
2023-03-07 12:16:34 0 [Note] InnoDB: Setting file 'C:\xampp\mysql\data\ibtmp1' size to 12 MB. Physically writing the file full; Please wait ...
2023-03-07 12:16:34 0 [Note] InnoDB: File 'C:\xampp\mysql\data\ibtmp1' size is now 12 MB.
2023-03-07 12:16:34 0 [Note] InnoDB: Waiting for purge to start
2023-03-07 12:16:34 0 [Note] InnoDB: 10.4.27 started; log sequence number 300369; transaction id 170
2023-03-07 12:16:34 0 [Note] InnoDB: Loading buffer pool(s) from C:\xampp\mysql\data\ib_buffer_pool
2023-03-07 12:16:34 0 [Note] Plugin 'FEEDBACK' is disabled.
2023-03-07 12:16:34 0 [Note] Server socket created on IP: '::'.
2023-03-08 10:07:17 0 [Note] InnoDB: Mutexes and rw_locks use Windows interlocked functions
2023-03-08 10:07:17 0 [Note] InnoDB: Uses event mutexes
2023-03-08 10:07:17 0 [Note] InnoDB: Compressed tables use zlib 1.2.12
2023-03-08 10:07:17 0 [Note] InnoDB: Number of pools: 1
2023-03-08 10:07:17 0 [Note] InnoDB: Using SSE2 crc32 instructions
2023-03-08 10:07:17 0 [Note] InnoDB: Initializing buffer pool, total size = 16M, instances = 1, chunk size = 16M
2023-03-08 10:07:17 0 [Note] InnoDB: Completed initialization of buffer pool
2023-03-08 10:07:17 0 [Note] InnoDB: Starting crash recovery from checkpoint LSN=364253
2023-03-08 10:07:17 0 [Note] InnoDB: 128 out of 128 rollback segments are active.
2023-03-08 10:07:17 0 [Note] InnoDB: Removed temporary tablespace data file: "ibtmp1"
2023-03-08 10:07:17 0 [Note] InnoDB: Creating shared tablespace for temporary tables
2023-03-08 10:07:17 0 [Note] InnoDB: Setting file 'C:\xampp\mysql\data\ibtmp1' size to 12 MB. Physically writing the file full; Please wait ...
2023-03-08 10:07:17 0 [Note] InnoDB: File 'C:\xampp\mysql\data\ibtmp1' size is now 12 MB.
2023-03-08 10:07:17 0 [Note] InnoDB: Waiting for purge to start
2023-03-08 10:07:17 0 [Note] InnoDB: 10.4.27 started; log sequence number 364262; transaction id 282
2023-03-08 10:07:17 0 [Note] InnoDB: Loading buffer pool(s) from C:\xampp\mysql\data\ib_buffer_pool
2023-03-08 10:07:17 0 [Note] Plugin 'FEEDBACK' is disabled.
2023-03-08 10:07:17 0 [Note] Server socket created on IP: '::'.
2023-03-09 10:34:39 0 [Note] InnoDB: Mutexes and rw_locks use Windows interlocked functions
2023-03-09 10:34:39 0 [Note] InnoDB: Uses event mutexes
2023-03-09 10:34:39 0 [Note] InnoDB: Compressed tables use zlib 1.2.12
2023-03-09 10:34:39 0 [Note] InnoDB: Number of pools: 1
2023-03-09 10:34:39 0 [Note] InnoDB: Using SSE2 crc32 instructions
2023-03-09 10:34:39 0 [Note] InnoDB: Initializing buffer pool, total size = 16M, instances = 1, chunk size = 16M
2023-03-09 10:34:39 0 [Note] InnoDB: Completed initialization of buffer pool
2023-03-09 10:34:39 0 [Note] InnoDB: Starting crash recovery from checkpoint LSN=364271
2023-03-09 10:34:40 0 [Note] InnoDB: 128 out of 128 rollback segments are active.
2023-03-09 10:34:40 0 [Note] InnoDB: Removed temporary tablespace data file: "ibtmp1"
2023-03-09 10:34:40 0 [Note] InnoDB: Creating shared tablespace for temporary tables
2023-03-09 10:34:40 0 [Note] InnoDB: Setting file 'C:\xampp\mysql\data\ibtmp1' size to 12 MB. Physically writing the file full; Please wait ...
2023-03-09 10:34:40 0 [Note] InnoDB: File 'C:\xampp\mysql\data\ibtmp1' size is now 12 MB.
2023-03-09 10:34:40 0 [Note] InnoDB: Waiting for purge to start
2023-03-09 10:34:40 0 [Note] InnoDB: 10.4.27 started; log sequence number 364280; transaction id 282
2023-03-09 10:34:40 0 [Note] InnoDB: Loading buffer pool(s) from C:\xampp\mysql\data\ib_buffer_pool
2023-03-09 10:34:40 0 [Note] Plugin 'FEEDBACK' is disabled.
2023-03-09 10:34:40 0 [Note] Server socket created on IP: '::'.
2023-03-09 10:34:40 0 [Note] InnoDB: Buffer pool(s) load completed 2023-03-21 12:55:13 0 [Note] InnoDB: Mutexes and rw_locks use Windows interlocked functions
2023-03-21 12:55:13 0 [Note] InnoDB: Uses event mutexes
2023-03-21 12:55:13 0 [Note] InnoDB: Compressed tables use zlib 1.2.12
2023-03-21 12:55:13 0 [Note] InnoDB: Number of pools: 1
2023-03-21 12:55:13 0 [Note] InnoDB: Using SSE2 crc32 instructions
2023-03-21 12:55:13 0 [Note] InnoDB: Initializing buffer pool, total size = 16M, instances = 1, chunk size = 16M
2023-03-21 12:55:13 0 [Note] InnoDB: Completed initialization of buffer pool
2023-03-21 12:55:13 0 [Note] InnoDB: Starting crash recovery from checkpoint LSN=377015
2023-03-21 12:55:13 0 [Note] InnoDB: 128 out of 128 rollback segments are active.
2023-03-21 12:55:13 0 [Note] InnoDB: Removed temporary tablespace data file: "ibtmp1"
2023-03-21 12:55:13 0 [Note] InnoDB: Creating shared tablespace for temporary tables
2023-03-21 12:55:13 0 [Note] InnoDB: Setting file 'C:\xampp\mysql\data\ibtmp1' size to 12 MB. Physically writing the file full; Please wait ...
2023-03-21 12:55:13 0 [Note] InnoDB: File 'C:\xampp\mysql\data\ibtmp1' size is now 12 MB.
2023-03-21 12:55:13 0 [Note] InnoDB: Waiting for purge to start
2023-03-21 12:55:13 0 [Note] InnoDB: 10.4.27 started; log sequence number 377024; transaction id 328
2023-03-21 12:55:13 0 [Note] InnoDB: Loading buffer pool(s) from C:\xampp\mysql\data\ib_buffer_pool
2023-03-21 12:55:13 0 [Note] Plugin 'FEEDBACK' is disabled.
2023-03-21 12:55:13 0 [Note] InnoDB: Buffer pool(s) load completed at 230321 12:55:13
2023-03-21 12:55:13 0 [Note] Server socket created on IP: '::'.
2023-03-23 13:28:23 0 [Note] InnoDB: Mutexes and rw_locks use Windows interlocked functions
2023-03-23 13:28:23 0 [Note] InnoDB: Uses event mutexes
2023-03-23 13:28:23 0 [Note] InnoDB: Compressed tables use zlib 1.2.12
2023-03-23 13:28:23 0 [Note] InnoDB: Number of pools: 1
2023-03-23 13:28:23 0 [Note] InnoDB: Using SSE2 crc32 instructions
2023-03-23 13:28:23 0 [Note] InnoDB: Initializing buffer pool, total size = 16M, instances = 1, chunk size = 16M
2023-03-23 13:28:23 0 [Note] InnoDB: Completed initialization of buffer pool
2023-03-23 13:28:23 0 [Note] InnoDB: Starting crash recovery from checkpoint LSN=377033
2023-03-23 13:28:23 0 [Note] InnoDB: 128 out of 128 rollback segments are active.
2023-03-23 13:28:23 0 [Note] InnoDB: Removed temporary tablespace data file: "ibtmp1"
2023-03-23 13:28:23 0 [Note] InnoDB: Creating shared tablespace for temporary tables
2023-03-23 13:28:23 0 [Note] InnoDB: Setting file 'C:\xampp\mysql\data\ibtmp1' size to 12 MB. Physically writing the file full; Please wait ...
2023-03-23 13:28:23 0 [Note] InnoDB: File 'C:\xampp\mysql\data\ibtmp1' size is now 12 MB.
2023-03-23 13:28:23 0 [Note] InnoDB: Waiting for purge to start
2023-03-23 13:28:23 0 [Note] InnoDB: 10.4.27 started; log sequence number 377042; transaction id 328
2023-03-23 13:28:23 0 [Note] InnoDB: Loading buffer pool(s) from C:\xampp\mysql\data\ib_buffer_pool
2023-03-23 13:28:23 0 [Note] Plugin 'FEEDBACK' is disabled.
2023-03-23 13:28:23 0 [Note] InnoDB: Buffer pool(s) load completed at 230323 13:28:23
2023-03-23 13:28:23 0 [Note] Server socket created on IP: '::'.
2023-03-23 13:30:46 0 [Note] InnoDB: Mutexes and rw_locks use Windows interlocked functions
2023-03-23 13:30:46 0 [Note] InnoDB: Uses event mutexes
2023-03-23 13:30:46 0 [Note] InnoDB: Compressed tables use zlib 1.2.12
2023-03-23 13:30:46 0 [Note] InnoDB: Number of pools: 1
2023-03-23 13:30:46 0 [Note] InnoDB: Using SSE2 crc32 instructions
2023-03-23 13:30:46 0 [Note] InnoDB: Initializing buffer pool, total size = 16M, instances = 1, chunk size = 16M
2023-03-23 13:30:46 0 [Note] InnoDB: Completed initialization of buffer pool
2023-03-23 13:30:46 0 [Note] InnoDB: Starting crash recovery from checkpoint LSN=377033
2023-03-23 13:30:46 0 [Note] InnoDB: 128 out of 128 rollback segments are active.
2023-03-23 13:30:46 0 [Note] InnoDB: Removed temporary tablespace data file: "ibtmp1"
2023-03-23 13:30:46 0 [Note] InnoDB: Creating shared tablespace for temporary tables
2023-03-23 13:30:46 0 [Note] InnoDB: Setting file 'C:\xampp\mysql\data\ibtmp1' size to 12 MB. Physically writing the file full; Please wait ...
2023-03-23 13:30:46 0 [Note] InnoDB: File 'C:\xampp\mysql\data\ibtmp1' size is now 12 MB.
2023-03-23 13:30:46 0 [Note] InnoDB: Waiting for purge to start
2023-03-23 13:30:46 0 [Note] InnoDB: 10.4.27 started; log sequence number 377042; transaction id 328
2023-03-23 13:30:46 0 [Note] InnoDB: Loading buffer pool(s) from C:\xampp\mysql\data\ib_buffer_pool
2023-03-23 13:30:46 0 [Note] Plugin 'FEEDBACK' is disabled.
2023-03-23 13:30:46 0 [Note] Server socket created on IP: '::'.
2023-04-23 19:56:26 0 [Note] InnoDB: Mutexes and rw_locks use Windows interlocked functions
2023-04-23 19:56:26 0 [Note] InnoDB: Uses event mutexes
2023-04-23 19:56:26 0 [Note] InnoDB: Compressed tables use zlib 1.2.12
2023-04-23 19:56:26 0 [Note] InnoDB: Number of pools: 1
2023-04-23 19:56:26 0 [Note] InnoDB: Using SSE2 crc32 instructions
2023-04-23 19:56:26 0 [Note] InnoDB: Initializing buffer pool, total size = 16M, instances = 1, chunk size = 16M
2023-04-23 19:56:26 0 [Note] InnoDB: Completed initialization of buffer pool
2023-04-23 19:56:26 0 [Note] InnoDB: Starting crash recovery from checkpoint LSN=389822
2023-04-23 19:56:27 0 [Note] InnoDB: 128 out of 128 rollback segments are active.
2023-04-23 19:56:27 0 [Note] InnoDB: Removed temporary tablespace data file: "ibtmp1"
2023-04-23 19:56:27 0 [Note] InnoDB: Creating shared tablespace for temporary tables
2023-04-23 19:56:27 0 [Note] InnoDB: Setting file 'C:\xampp\mysql\data\ibtmp1' size to 12 MB. Physically writing the file full; Please wait ...
2023-04-23 19:56:27 0 [Note] InnoDB: File 'C:\xampp\mysql\data\ibtmp1' size is now 12 MB.
2023-04-23 19:56:27 0 [Note] InnoDB: Waiting for purge to start
2023-04-23 19:56:27 0 [Note] InnoDB: 10.4.27 started; log sequence number 389831; transaction id 356
2023-04-23 19:56:27 0 [Note] InnoDB: Loading buffer pool(s) from C:\xampp\mysql\data\ib_buffer_pool
2023-04-23 19:56:27 0 [Note] Plugin 'FEEDBACK' is disabled.
2023-04-23 19:56:27 0 [Note] InnoDB: Buffer pool(s) load completed at 230423 19:56:27
2023-04-23 19:56:27 0 [Note] Server socket created on IP: '::'.
2023-04-25 18:01:25 0 [Note] InnoDB: Mutexes and rw_locks use Windows interlocked functions
2023-04-25 18:01:25 0 [Note] InnoDB: Uses event mutexes
2023-04-25 18:01:25 0 [Note] InnoDB: Compressed tables use zlib 1.2.12
2023-04-25 18:01:25 0 [Note] InnoDB: Number of pools: 1
2023-04-25 18:01:25 0 [Note] InnoDB: Using SSE2 crc32 instructions
2023-04-25 18:01:25 0 [Note] InnoDB: Initializing buffer pool, total size = 16M, instances = 1, chunk size = 16M
2023-04-25 18:01:25 0 [Note] InnoDB: Completed initialization of buffer pool
2023-04-25 18:01:25 0 [Note] InnoDB: Starting crash recovery from checkpoint LSN=453904
2023-04-25 18:01:25 0 [Note] InnoDB: 128 out of 128 rollback segments are active.
2023-04-25 18:01:25 0 [Note] InnoDB: Removed temporary tablespace data file: "ibtmp1"
2023-04-25 18:01:25 0 [Note] InnoDB: Creating shared tablespace for temporary tables
2023-04-25 18:01:25 0 [Note] InnoDB: Setting file 'C:\xampp\mysql\data\ibtmp1' size to 12 MB. Physically writing the file full; Please wait ...
2023-04-25 18:01:25 0 [Note] InnoDB: File 'C:\xampp\mysql\data\ibtmp1' size is now 12 MB.
2023-04-25 18:01:25 0 [Note] InnoDB: Waiting for purge to start
2023-04-25 18:01:25 0 [Note] InnoDB: 10.4.27 started; log sequence number 453913; transaction id 509
2023-04-25 18:01:25 0 [Note] InnoDB: Loading buffer pool(s) from C:\xampp\mysql\data\ib_buffer_pool
2023-04-25 18:01:25 0 [Note] Plugin 'FEEDBACK' is disabled.
2023-04-25 18:01:25 0 [Note] InnoDB: Buffer pool(s) load completed at 230425 18:01:25
2023-04-25 18:01:25 0 [Note] Server socket created on IP: '::'.
2023-05-08 20:16:46 0 [Note] InnoDB: Mutexes and rw_locks use Windows interlocked functions
2023-05-08 20:16:46 0 [Note] InnoDB: Uses event mutexes
2023-05-08 20:16:46 0 [Note] InnoDB: Compressed tables use zlib 1.2.12
2023-05-08 20:16:46 0 [Note] InnoDB: Number of pools: 1
2023-05-08 20:16:46 0 [Note] InnoDB: Using SSE2 crc32 instructions
2023-05-08 20:16:46 0 [Note] InnoDB: Initializing buffer pool, total size = 16M, instances = 1, chunk size = 16M
2023-05-08 20:16:46 0 [Note] InnoDB: Completed initialization of buffer pool
2023-05-08 20:16:46 0 [Note] InnoDB: Starting crash recovery from checkpoint LSN=455798
2023-05-08 20:16:46 0 [Note] InnoDB: 128 out of 128 rollback segments are active.
2023-05-08 20:16:46 0 [Note] InnoDB: Removed temporary tablespace data file: "ibtmp1"
2023-05-08 20:16:46 0 [Note] InnoDB: Creating shared tablespace for temporary tables
2023-05-08 20:16:46 0 [Note] InnoDB: Setting file 'C:\xampp\mysql\data\ibtmp1' size to 12 MB. Physically writing the file full; Please wait ...
2023-05-08 20:16:46 0 [Note] InnoDB: File 'C:\xampp\mysql\data\ibtmp1' size is now 12 MB.
2023-05-08 20:16:46 0 [Note] InnoDB: Waiting for purge to start
2023-05-08 20:16:46 0 [Note] InnoDB: 10.4.27 started; log sequence number 455807; transaction id 525
2023-05-08 20:16:46 0 [Note] Plugin 'FEEDBACK' is disabled.
2023-05-08 20:16:46 0 [Note] InnoDB: Loading buffer pool(s) from C:\xampp\mysql\data\ib_buffer_pool
2023-05-08 20:16:46 0 [Note] Server socket created on IP: '::'.
2023-05-08 20:16:46 0 [Note] InnoDB: Buffer p2023-05-10 20:54:00 0 [Note] InnoDB: Mutexes and rw_locks use Windows interlocked functions
2023-05-10 20:54:00 0 [Note] InnoDB: Uses event mutexes
2023-05-10 20:54:00 0 [Note] InnoDB: Compressed tables use zlib 1.2.12
2023-05-10 20:54:00 0 [Note] InnoDB: Number of pools: 1
2023-05-10 20:54:00 0 [Note] InnoDB: Using SSE2 crc32 instructions
2023-05-10 20:54:00 0 [Note] InnoDB: Initializing buffer pool, total size = 16M, instances = 1, chunk size = 16M
2023-05-10 20:54:00 0 [Note] InnoDB: Completed initialization of buffer pool
2023-05-10 20:54:00 0 [Note] InnoDB: Starting crash recovery from checkpoint LSN=469704
2023-05-10 20:54:00 0 [Note] InnoDB: 128 out of 128 rollback segments are active.
2023-05-10 20:54:00 0 [Note] InnoDB: Removed temporary tablespace data file: "ibtmp1"
2023-05-10 20:54:00 0 [Note] InnoDB: Creating shared tablespace for temporary tables
2023-05-10 20:54:00 0 [Note] InnoDB: Setting file 'C:\xampp\mysql\data\ibtmp1' size to 12 MB. Physically writing the file full; Please wait ...
2023-05-10 20:54:00 0 [Note] InnoDB: File 'C:\xampp\mysql\data\ibtmp1' size is now 12 MB.
2023-05-10 20:54:00 0 [Note] InnoDB: Waiting for purge to start
2023-05-10 20:54:00 0 [Note] InnoDB: 10.4.27 started; log sequence number 469713; transaction id 573
2023-05-10 20:54:00 0 [Note] InnoDB: Loading buffer pool(s) from C:\xampp\mysql\data\ib_buffer_pool
2023-05-10 20:54:00 0 [Note] Plugin 'FEEDBACK' is disabled.
2023-05-10 20:54:00 0 [Note] InnoDB: Buffer pool(s) load completed at 230510 20:54:00
2023-05-10 20:54:00 0 [Note] Server socket created on IP: '::'.
2023-05-11 20:17:11 0 [Note] InnoDB: Mutexes and rw_locks use Windows interlocked functions
2023-05-11 20:17:11 0 [Note] InnoDB: Uses event mutexes
2023-05-11 20:17:11 0 [Note] InnoDB: Compressed tables use zlib 1.2.12
2023-05-11 20:17:11 0 [Note] InnoDB: Number of pools: 1
2023-05-11 20:17:11 0 [Note] InnoDB: Using SSE2 crc32 instructions
2023-05-11 20:17:11 0 [Note] InnoDB: Initializing buffer pool, total size = 16M, instances = 1, chunk size = 16M
2023-05-11 20:17:11 0 [Note] InnoDB: Completed initialization of buffer pool
2023-05-11 20:17:11 0 [Note] InnoDB: Starting crash recovery from checkpoint LSN=469722
2023-05-11 20:17:11 0 [Note] InnoDB: 128 out of 128 rollback segments are active.
2023-05-11 20:17:11 0 [Note] InnoDB: Removed temporary tablespace data file: "ibtmp1"
2023-05-11 20:17:11 0 [Note] InnoDB: Creating shared tablespace for temporary tables
2023-05-11 20:17:11 0 [Note] InnoDB: Setting file 'C:\xampp\mysql\data\ibtmp1' size to 12 MB. Physically writing the file full; Please wait ...
2023-05-11 20:17:11 0 [Note] InnoDB: File 'C:\xampp\mysql\data\ibtmp1' size is now 12 MB.
2023-05-11 20:17:11 0 [Note] InnoDB: Waiting for purge to start
2023-05-11 20:17:11 0 [Note] InnoDB: 10.4.27 started; log sequence number 469731; transaction id 573
2023-05-11 20:17:11 0 [Note] InnoDB: Loading buffer pool(s) from C:\xampp\mysql\data\ib_buffer_pool
2023-05-11 20:17:11 0 [Note] Plugin 'FEEDBACK' is disabled.
2023-05-11 20:17:11 0 [Note] Server socket created on IP: '::'.
